  [1m[35m (288.1ms)[0m  [1m[35mCREATE DATABASE "ninetynine_cats_development" ENCODING = 'unicode'[0m
  ↳ bin/rails:9
  [1m[35m (102.4ms)[0m  [1m[35mCREATE DATABASE "ninetynine_cats_test" ENCODING = 'unicode'[0m
  ↳ bin/rails:9
  [1m[35m (47.8ms)[0m  [1m[35mCREATE TABLE "schema_migrations" ("version" character varying NOT NULL PRIMARY KEY)[0m
  ↳ bin/rails:9
  [1m[35m (8.9ms)[0m  [1m[35mCREATE TABLE "ar_internal_metadata" ("key" character varying NOT NULL PRIMARY KEY, "value" character varying, "created_at" timestamp NOT NULL, "updated_at" timestamp NOT NULL)[0m
  ↳ bin/rails:9
  [1m[35m (2.0ms)[0m  [1m[34mSELECT pg_try_advisory_lock(2803807452268522245)[0m
  ↳ bin/rails:9
  [1m[35m (0.8ms)[0m  [1m[34mSELECT "schema_migrations"."version" FROM "schema_migrations" ORDER BY "schema_migrations"."version" ASC[0m
  ↳ bin/rails:9
Migrating to CreateCats (20200515210528)
  [1m[35m (0.2ms)[0m  [1m[35mBEGIN[0m
  ↳ bin/rails:9
  [1m[35m (32.7ms)[0m  [1m[35mCREATE TABLE "cats" ("id" bigserial primary key, "birth_date" date NOT NULL, "color" character varying NOT NULL, "name" character varying NOT NULL, "sex" character varying(1) NOT NULL, "description" text NOT NULL, "created_at" timestamp NOT NULL, "updated_at" timestamp NOT NULL)[0m
  ↳ db/migrate/20200515210528_create_cats.rb:3
  [1m[36mActiveRecord::SchemaMigration Create (0.9ms)[0m  [1m[32mINSERT INTO "schema_migrations" ("version") VALUES ($1) RETURNING "version"[0m  [["version", "20200515210528"]]
  ↳ bin/rails:9
  [1m[35m (3.1ms)[0m  [1m[35mCOMMIT[0m
  ↳ bin/rails:9
  [1m[36mActiveRecord::InternalMetadata Load (2.4ms)[0m  [1m[34mSELECT  "ar_internal_metadata".* FROM "ar_internal_metadata" WHERE "ar_internal_metadata"."key" = $1 LIMIT $2[0m  [["key", "environment"], ["LIMIT", 1]]
  ↳ bin/rails:9
  [1m[35m (0.5ms)[0m  [1m[35mBEGIN[0m
  ↳ bin/rails:9
  [1m[36mActiveRecord::InternalMetadata Create (0.6ms)[0m  [1m[32mINSERT INTO "ar_internal_metadata" ("key", "value", "created_at", "updated_at") VALUES ($1, $2, $3, $4) RETURNING "key"[0m  [["key", "environment"], ["value", "development"], ["created_at", "2020-05-15 21:32:56.693045"], ["updated_at", "2020-05-15 21:32:56.693045"]]
  ↳ bin/rails:9
  [1m[35m (1.3ms)[0m  [1m[35mCOMMIT[0m
  ↳ bin/rails:9
  [1m[35m (0.4ms)[0m  [1m[34mSELECT pg_advisory_unlock(2803807452268522245)[0m
  ↳ bin/rails:9
  [1m[35m (0.4ms)[0m  [1m[34mSELECT "schema_migrations"."version" FROM "schema_migrations" ORDER BY "schema_migrations"."version" ASC[0m
  ↳ bin/rails:9
  [1m[35m (0.2ms)[0m  [1m[35mBEGIN[0m
  [1m[36mCat Create (13.4ms)[0m  [1m[32mINSERT INTO "cats" ("birth_date", "color", "name", "sex", "description", "created_at", "updated_at") VALUES ($1, $2, $3, $4, $5, $6, $7) RETURNING "id"[0m  [["birth_date", "2015-01-01"], ["color", "black"], ["name", "Kitty"], ["sex", "F"], ["description", "I am a cute kitty."], ["created_at", "2020-05-15 21:40:55.721520"], ["updated_at", "2020-05-15 21:40:55.721520"]]
  [1m[35m (1.3ms)[0m  [1m[35mCOMMIT[0m
  [1m[35m (0.2ms)[0m  [1m[35mBEGIN[0m
  [1m[35m (2.8ms)[0m  [1m[31mROLLBACK[0m
  [1m[35m (0.4ms)[0m  [1m[35mBEGIN[0m
  [1m[35m (0.5ms)[0m  [1m[31mROLLBACK[0m
Started GET "/cats" for ::1 at 2020-05-15 14:59:03 -0700
  [1m[35m (6.2ms)[0m  [1m[34mSELECT "schema_migrations"."version" FROM "schema_migrations" ORDER BY "schema_migrations"."version" ASC[0m
  ↳ /Users/benrose/.rbenv/versions/2.5.1/lib/ruby/gems/2.5.0/gems/activerecord-5.2.4.2/lib/active_record/log_subscriber.rb:98
Processing by CatsController#index as HTML
  Rendering cats/index.html.erb within layouts/application
  [1m[36mCat Load (16.6ms)[0m  [1m[34mSELECT "cats".* FROM "cats"[0m
  ↳ app/views/cats/index.html.erb:3
  Rendered cats/index.html.erb within layouts/application (138.4ms)
Completed 200 OK in 1411ms (Views: 1299.4ms | ActiveRecord: 50.2ms)


Started GET "/cats/1" for ::1 at 2020-05-15 14:59:14 -0700
Processing by CatsController#show as HTML
  Parameters: {"id"=>"1"}
  [1m[36mCat Load (1.6ms)[0m  [1m[34mSELECT  "cats".* FROM "cats" WHERE "cats"."id" = $1 LIMIT $2[0m  [["id", 1], ["LIMIT", 1]]
  ↳ app/controllers/cats_controller.rb:9
  Rendering cats/show.html.erb within layouts/application
  Rendered cats/show.html.erb within layouts/application (1.5ms)
Completed 200 OK in 62ms (Views: 36.3ms | ActiveRecord: 3.9ms)


Started GET "/cats/1" for ::1 at 2020-05-15 15:08:53 -0700
Processing by CatsController#show as HTML
  Parameters: {"id"=>"1"}
  [1m[36mCat Load (1.8ms)[0m  [1m[34mSELECT  "cats".* FROM "cats" WHERE "cats"."id" = $1 LIMIT $2[0m  [["id", 1], ["LIMIT", 1]]
  ↳ app/controllers/cats_controller.rb:9
  Rendering cats/show.html.erb within layouts/application
  Rendered cats/show.html.erb within layouts/application (22.8ms)
Completed 200 OK in 310ms (Views: 91.2ms | ActiveRecord: 53.8ms)


Started GET "/cats/new" for ::1 at 2020-05-15 15:17:42 -0700
Processing by CatsController#new as HTML
  Rendering cats/new.html.erb within layouts/application
  Rendered cats/new.html.erb within layouts/application (494.4ms)
Completed 500 Internal Server Error in 587ms (ActiveRecord: 19.4ms)



ActionView::Template::Error - undefined local variable or method `users_url' for #<#<Class:0x00007f88ab119a78>:0x00007f88ab10a258>:
  app/views/cats/new.html.erb:22:in `view template'

Started POST "/__better_errors/425119761aff169d/variables" for ::1 at 2020-05-15 15:17:43 -0700
Started GET "/cats/new" for ::1 at 2020-05-15 15:18:31 -0700
Processing by CatsController#new as HTML
  Rendering cats/new.html.erb within layouts/application
  Rendered cats/new.html.erb within layouts/application (644.2ms)
Completed 500 Internal Server Error in 672ms (ActiveRecord: 0.0ms)



ActionView::Template::Error - undefined local variable or method `users_url' for #<#<Class:0x00007f88ab119a78>:0x00007f88aa4fb778>:
  app/views/cats/new.html.erb:22:in `view template'

Started POST "/__better_errors/dbe424fde36bc3e9/variables" for ::1 at 2020-05-15 15:18:32 -0700
Started GET "/cats/new" for ::1 at 2020-05-15 15:18:44 -0700
Processing by CatsController#new as HTML
  Rendering cats/new.html.erb within layouts/application
  Rendered cats/new.html.erb within layouts/application (0.8ms)
Completed 200 OK in 94ms (Views: 90.4ms | ActiveRecord: 0.0ms)


Started GET "/cats/new" for ::1 at 2020-05-15 15:18:54 -0700
Processing by CatsController#new as HTML
  Rendering cats/new.html.erb within layouts/application
  Rendered cats/new.html.erb within layouts/application (2.9ms)
Completed 200 OK in 113ms (Views: 107.8ms | ActiveRecord: 0.0ms)


Started GET "/cats/new" for ::1 at 2020-05-15 15:19:06 -0700
Processing by CatsController#new as HTML
  Rendering cats/new.html.erb within layouts/application
  Rendered cats/new.html.erb within layouts/application (10.9ms)
Completed 200 OK in 234ms (Views: 223.1ms | ActiveRecord: 0.0ms)


Started GET "/cats/new" for ::1 at 2020-05-15 15:20:36 -0700
Processing by CatsController#new as HTML
  Rendering cats/new.html.erb within layouts/application
  Rendered cats/new.html.erb within layouts/application (0.9ms)
Completed 200 OK in 112ms (Views: 104.5ms | ActiveRecord: 0.0ms)


Started GET "/cats/new" for ::1 at 2020-05-15 15:27:38 -0700
Processing by CatsController#new as HTML
  Rendering cats/new.html.erb within layouts/application
  Rendered cats/new.html.erb within layouts/application (267.4ms)
Completed 500 Internal Server Error in 298ms (ActiveRecord: 0.0ms)



ActionView::Template::Error - uninitialized constant ActionView::CompiledTemplates::COLORS:
  app/views/cats/new.html.erb:19:in `view template'

Started POST "/__better_errors/91fb246278729579/variables" for ::1 at 2020-05-15 15:27:39 -0700
Started GET "/cats/new" for ::1 at 2020-05-15 15:31:44 -0700
Processing by CatsController#new as HTML
  Rendering cats/new.html.erb within layouts/application
  Rendered cats/new.html.erb within layouts/application (1.9ms)
Completed 200 OK in 67ms (Views: 60.4ms | ActiveRecord: 0.0ms)


Started GET "/cats/new" for ::1 at 2020-05-15 15:38:08 -0700
Processing by CatsController#new as HTML
  Rendering cats/new.html.erb within layouts/application
  Rendered cats/new.html.erb within layouts/application (8.5ms)
Completed 200 OK in 232ms (Views: 214.2ms | ActiveRecord: 0.0ms)


Started GET "/cats/new" for ::1 at 2020-05-15 15:38:48 -0700
Processing by CatsController#new as HTML
  Rendering cats/new.html.erb within layouts/application
  Rendered cats/new.html.erb within layouts/application (1.3ms)
Completed 200 OK in 39ms (Views: 37.6ms | ActiveRecord: 0.0ms)


Started GET "/cats/new" for ::1 at 2020-05-15 15:43:26 -0700
Processing by CatsController#new as HTML
  Rendering cats/new.html.erb within layouts/application
  Rendered cats/new.html.erb within layouts/application (2.4ms)
Completed 200 OK in 36ms (Views: 32.8ms | ActiveRecord: 0.0ms)


Started GET "/cats" for ::1 at 2020-05-15 15:44:00 -0700
Processing by CatsController#index as HTML
  Rendering cats/index.html.erb within layouts/application
  [1m[36mCat Load (3.7ms)[0m  [1m[34mSELECT "cats".* FROM "cats"[0m
  ↳ app/views/cats/index.html.erb:3
  Rendered cats/index.html.erb within layouts/application (10.7ms)
Completed 200 OK in 45ms (Views: 40.0ms | ActiveRecord: 3.7ms)


Started GET "/cats/1" for ::1 at 2020-05-15 15:44:08 -0700
Processing by CatsController#show as HTML
  Parameters: {"id"=>"1"}
  [1m[36mCat Load (0.8ms)[0m  [1m[34mSELECT  "cats".* FROM "cats" WHERE "cats"."id" = $1 LIMIT $2[0m  [["id", 1], ["LIMIT", 1]]
  ↳ app/controllers/cats_controller.rb:9
  Rendering cats/show.html.erb within layouts/application
  Rendered cats/show.html.erb within layouts/application (4.8ms)
Completed 200 OK in 58ms (Views: 49.6ms | ActiveRecord: 3.8ms)


Started GET "/cats/new" for ::1 at 2020-05-15 15:44:27 -0700
Processing by CatsController#new as HTML
  Rendering cats/new.html.erb within layouts/application
  Rendered cats/new.html.erb within layouts/application (2.3ms)
Completed 200 OK in 35ms (Views: 29.4ms | ActiveRecord: 0.0ms)


Started GET "/cats/new" for ::1 at 2020-05-15 16:07:53 -0700
Processing by CatsController#new as HTML
  Rendering cats/new.html.erb within layouts/application
  Rendered cats/new.html.erb within layouts/application (1.5ms)
Completed 200 OK in 116ms (Views: 34.8ms | ActiveRecord: 37.7ms)


Started POST "/cats" for ::1 at 2020-05-15 16:08:34 -0700
Processing by CatsController#create as HTML
  Parameters: {"cat"=>{"name"=>"Biscuit", "sex"=>"M", "birth_date"=>"2008-07-31", "description"=>"What a great cat!"}}
  [1m[35m (0.3ms)[0m  [1m[35mBEGIN[0m
  ↳ app/controllers/cats_controller.rb:19
  [1m[35m (0.3ms)[0m  [1m[31mROLLBACK[0m
  ↳ app/controllers/cats_controller.rb:19
Completed 422 Unprocessable Entity in 10ms (Views: 0.6ms | ActiveRecord: 0.6ms)


Started GET "/cats/new" for ::1 at 2020-05-15 16:12:10 -0700
Processing by CatsController#new as HTML
  Rendering cats/new.html.erb within layouts/application
  Rendered cats/new.html.erb within layouts/application (12.6ms)
Completed 200 OK in 162ms (Views: 95.2ms | ActiveRecord: 17.9ms)


Started POST "/cats" for ::1 at 2020-05-15 16:12:29 -0700
Processing by CatsController#create as HTML
  Parameters: {"cat"=>{"name"=>"Biscuit", "sex"=>"M", "birth_date"=>"2008-07-31", "description"=>"What a great cat!"}}
  [1m[35m (6.6ms)[0m  [1m[35mBEGIN[0m
  ↳ app/controllers/cats_controller.rb:19
  [1m[35m (8.1ms)[0m  [1m[31mROLLBACK[0m
  ↳ app/controllers/cats_controller.rb:19
Completed 422 Unprocessable Entity in 34ms (Views: 4.6ms | ActiveRecord: 14.8ms)


Started GET "/cats/new" for ::1 at 2020-05-15 16:17:01 -0700
Processing by CatsController#new as HTML
  Rendering cats/new.html.erb within layouts/application
  Rendered cats/new.html.erb within layouts/application (2.6ms)
Completed 200 OK in 65ms (Views: 53.7ms | ActiveRecord: 0.0ms)


Started POST "/cats" for ::1 at 2020-05-15 16:17:18 -0700
Processing by CatsController#create as HTML
  Parameters: {"cat"=>{"name"=>"Biscuit", "sex"=>"M", "color"=>"orange", "birth_date"=>"2008-07-31", "description"=>"What a great cat!"}}
  [1m[35m (7.1ms)[0m  [1m[35mBEGIN[0m
  ↳ app/controllers/cats_controller.rb:19
  [1m[36mCat Create (11.9ms)[0m  [1m[32mINSERT INTO "cats" ("birth_date", "color", "name", "sex", "description", "created_at", "updated_at") VALUES ($1, $2, $3, $4, $5, $6, $7) RETURNING "id"[0m  [["birth_date", "2008-07-31"], ["color", "orange"], ["name", "Biscuit"], ["sex", "M"], ["description", "What a great cat!"], ["created_at", "2020-05-15 23:17:18.447512"], ["updated_at", "2020-05-15 23:17:18.447512"]]
  ↳ app/controllers/cats_controller.rb:19
  [1m[35m (10.3ms)[0m  [1m[35mCOMMIT[0m
  ↳ app/controllers/cats_controller.rb:19
Redirected to http://localhost:3000/cats/2
Completed 302 Found in 52ms (ActiveRecord: 29.3ms)


Started GET "/cats/2" for ::1 at 2020-05-15 16:17:18 -0700
Processing by CatsController#show as HTML
  Parameters: {"id"=>"2"}
  [1m[36mCat Load (6.2ms)[0m  [1m[34mSELECT  "cats".* FROM "cats" WHERE "cats"."id" = $1 LIMIT $2[0m  [["id", 2], ["LIMIT", 1]]
  ↳ app/controllers/cats_controller.rb:9
  Rendering cats/show.html.erb within layouts/application
  Rendered cats/show.html.erb within layouts/application (2.8ms)
Completed 200 OK in 60ms (Views: 34.2ms | ActiveRecord: 9.0ms)


Started GET "/cats" for ::1 at 2020-05-15 16:17:32 -0700
Processing by CatsController#index as HTML
  Rendering cats/index.html.erb within layouts/application
  [1m[36mCat Load (5.3ms)[0m  [1m[34mSELECT "cats".* FROM "cats"[0m
  ↳ app/views/cats/index.html.erb:3
  Rendered cats/index.html.erb within layouts/application (8.0ms)
Completed 200 OK in 53ms (Views: 44.9ms | ActiveRecord: 5.3ms)


Started GET "/cats" for ::1 at 2020-05-15 16:18:22 -0700
Processing by CatsController#index as HTML
  Rendering cats/index.html.erb within layouts/application
  [1m[36mCat Load (9.5ms)[0m  [1m[34mSELECT "cats".* FROM "cats"[0m
  ↳ app/views/cats/index.html.erb:2
  Rendered cats/index.html.erb within layouts/application (18.4ms)
Completed 200 OK in 56ms (Views: 44.3ms | ActiveRecord: 9.5ms)


Started GET "/cats" for ::1 at 2020-05-15 16:40:09 -0700
Processing by CatsController#index as HTML
  Rendering cats/index.html.erb within layouts/application
  [1m[36mCat Load (6.1ms)[0m  [1m[34mSELECT "cats".* FROM "cats"[0m
  ↳ app/views/cats/index.html.erb:2
  Rendered cats/index.html.erb within layouts/application (346.8ms)
Completed 200 OK in 606ms (Views: 490.5ms | ActiveRecord: 49.9ms)


Started GET "/cats/1/edit" for ::1 at 2020-05-15 16:40:22 -0700
Processing by CatsController#edit as HTML
  Parameters: {"id"=>"1"}
  Rendering cats/edit.html.erb within layouts/application
  Rendered cats/edit.html.erb within layouts/application (49.9ms)
Completed 500 Internal Server Error in 89ms (ActiveRecord: 0.0ms)



ActionView::Template::Error - undefined method `name' for nil:NilClass:
  app/views/cats/edit.html.erb:6:in `view template'

Started POST "/__better_errors/b83e72894be800d9/variables" for ::1 at 2020-05-15 16:40:22 -0700
Started GET "/cats/1/edit" for ::1 at 2020-05-15 16:44:28 -0700
Processing by CatsController#edit as HTML
  Parameters: {"id"=>"1"}
  [1m[36mCat Load (0.5ms)[0m  [1m[34mSELECT  "cats".* FROM "cats" WHERE "cats"."id" = $1 LIMIT $2[0m  [["id", 1], ["LIMIT", 1]]
  ↳ app/controllers/cats_controller.rb:18
  Rendering cats/edit.html.erb within layouts/application
  Rendered cats/edit.html.erb within layouts/application (2.9ms)
Completed 200 OK in 271ms (Views: 56.3ms | ActiveRecord: 18.0ms)


Started GET "/cats/1/edit" for ::1 at 2020-05-15 16:44:50 -0700
Processing by CatsController#edit as HTML
  Parameters: {"id"=>"1"}
  [1m[36mCat Load (7.2ms)[0m  [1m[34mSELECT  "cats".* FROM "cats" WHERE "cats"."id" = $1 LIMIT $2[0m  [["id", 1], ["LIMIT", 1]]
  ↳ app/controllers/cats_controller.rb:18
  Rendering cats/edit.html.erb within layouts/application
  Rendered cats/edit.html.erb within layouts/application (3.0ms)
Completed 200 OK in 44ms (Views: 33.3ms | ActiveRecord: 7.2ms)


Started GET "/cats/1/edit" for ::1 at 2020-05-15 16:45:14 -0700
Processing by CatsController#edit as HTML
  Parameters: {"id"=>"1"}
  [1m[36mCat Load (3.3ms)[0m  [1m[34mSELECT  "cats".* FROM "cats" WHERE "cats"."id" = $1 LIMIT $2[0m  [["id", 1], ["LIMIT", 1]]
  ↳ app/controllers/cats_controller.rb:18
  Rendering cats/edit.html.erb within layouts/application
  Rendered cats/edit.html.erb within layouts/application (5.7ms)
Completed 200 OK in 42ms (Views: 34.3ms | ActiveRecord: 3.3ms)


Started GET "/cats/1/edit" for ::1 at 2020-05-15 16:45:58 -0700
Processing by CatsController#edit as HTML
  Parameters: {"id"=>"1"}
  [1m[36mCat Load (5.3ms)[0m  [1m[34mSELECT  "cats".* FROM "cats" WHERE "cats"."id" = $1 LIMIT $2[0m  [["id", 1], ["LIMIT", 1]]
  ↳ app/controllers/cats_controller.rb:18
  Rendering cats/edit.html.erb within layouts/application
  Rendered cats/edit.html.erb within layouts/application (1.1ms)
Completed 200 OK in 39ms (Views: 30.8ms | ActiveRecord: 5.3ms)


Started GET "/cats/1/edit" for ::1 at 2020-05-15 16:46:50 -0700
Processing by CatsController#edit as HTML
  Parameters: {"id"=>"1"}
  [1m[36mCat Load (10.1ms)[0m  [1m[34mSELECT  "cats".* FROM "cats" WHERE "cats"."id" = $1 LIMIT $2[0m  [["id", 1], ["LIMIT", 1]]
  ↳ app/controllers/cats_controller.rb:18
  Rendering cats/edit.html.erb within layouts/application
  Rendered cats/edit.html.erb within layouts/application (1.2ms)
Completed 200 OK in 53ms (Views: 39.1ms | ActiveRecord: 10.1ms)


Started GET "/cats/1/edit" for ::1 at 2020-05-15 16:46:53 -0700
Processing by CatsController#edit as HTML
  Parameters: {"id"=>"1"}
  [1m[36mCat Load (13.7ms)[0m  [1m[34mSELECT  "cats".* FROM "cats" WHERE "cats"."id" = $1 LIMIT $2[0m  [["id", 1], ["LIMIT", 1]]
  ↳ app/controllers/cats_controller.rb:18
  Rendering cats/edit.html.erb within layouts/application
  Rendered cats/edit.html.erb within layouts/application (2.1ms)
Completed 200 OK in 133ms (Views: 117.1ms | ActiveRecord: 13.7ms)


Started GET "/cats/1/edit" for ::1 at 2020-05-15 16:49:00 -0700
Processing by CatsController#edit as HTML
  Parameters: {"id"=>"1"}
  [1m[36mCat Load (1.2ms)[0m  [1m[34mSELECT  "cats".* FROM "cats" WHERE "cats"."id" = $1 LIMIT $2[0m  [["id", 1], ["LIMIT", 1]]
  ↳ app/controllers/cats_controller.rb:18
  Rendering cats/edit.html.erb within layouts/application
  Rendered cats/edit.html.erb within layouts/application (1.7ms)
Completed 200 OK in 37ms (Views: 32.6ms | ActiveRecord: 1.2ms)


Started GET "/cats/1/edit" for ::1 at 2020-05-15 16:50:33 -0700
Processing by CatsController#edit as HTML
  Parameters: {"id"=>"1"}
  [1m[36mCat Load (2.1ms)[0m  [1m[34mSELECT  "cats".* FROM "cats" WHERE "cats"."id" = $1 LIMIT $2[0m  [["id", 1], ["LIMIT", 1]]
  ↳ app/controllers/cats_controller.rb:18
  Rendering cats/edit.html.erb within layouts/application
  Rendered cats/edit.html.erb within layouts/application (2.2ms)
Completed 200 OK in 43ms (Views: 37.4ms | ActiveRecord: 2.1ms)


Started GET "/cats/1/edit" for ::1 at 2020-05-15 16:50:55 -0700
Processing by CatsController#edit as HTML
  Parameters: {"id"=>"1"}
  [1m[36mCat Load (1.4ms)[0m  [1m[34mSELECT  "cats".* FROM "cats" WHERE "cats"."id" = $1 LIMIT $2[0m  [["id", 1], ["LIMIT", 1]]
  ↳ app/controllers/cats_controller.rb:18
  Rendering cats/edit.html.erb within layouts/application
  Rendered cats/edit.html.erb within layouts/application (5.0ms)
Completed 200 OK in 43ms (Views: 36.9ms | ActiveRecord: 1.4ms)


Started GET "/cats/1/edit" for ::1 at 2020-05-15 16:52:12 -0700
Processing by CatsController#edit as HTML
  Parameters: {"id"=>"1"}
  [1m[36mCat Load (4.5ms)[0m  [1m[34mSELECT  "cats".* FROM "cats" WHERE "cats"."id" = $1 LIMIT $2[0m  [["id", 1], ["LIMIT", 1]]
  ↳ app/controllers/cats_controller.rb:18
  Rendering cats/edit.html.erb within layouts/application
  Rendered cats/edit.html.erb within layouts/application (1.7ms)
Completed 200 OK in 37ms (Views: 22.4ms | ActiveRecord: 4.8ms)


Started PATCH "/cats" for ::1 at 2020-05-15 16:52:24 -0700
  
ActionController::RoutingError (No route matches [PATCH] "/cats"):
  
actionpack (5.2.4.2) lib/action_dispatch/middleware/debug_exceptions.rb:65:in `call'
web-console (3.7.0) lib/web_console/middleware.rb:135:in `call_app'
web-console (3.7.0) lib/web_console/middleware.rb:30:in `block in call'
web-console (3.7.0) lib/web_console/middleware.rb:20:in `catch'
web-console (3.7.0) lib/web_console/middleware.rb:20:in `call'
actionpack (5.2.4.2) lib/action_dispatch/middleware/show_exceptions.rb:33:in `call'
railties (5.2.4.2) lib/rails/rack/logger.rb:38:in `call_app'
railties (5.2.4.2) lib/rails/rack/logger.rb:26:in `block in call'
activesupport (5.2.4.2) lib/active_support/tagged_logging.rb:71:in `block in tagged'
activesupport (5.2.4.2) lib/active_support/tagged_logging.rb:28:in `tagged'
activesupport (5.2.4.2) lib/active_support/tagged_logging.rb:71:in `tagged'
railties (5.2.4.2) lib/rails/rack/logger.rb:26:in `call'
sprockets-rails (3.2.1) lib/sprockets/rails/quiet_assets.rb:13:in `call'
actionpack (5.2.4.2) lib/action_dispatch/middleware/remote_ip.rb:81:in `call'
actionpack (5.2.4.2) lib/action_dispatch/middleware/request_id.rb:27:in `call'
rack (2.2.2) lib/rack/method_override.rb:24:in `call'
rack (2.2.2) lib/rack/runtime.rb:22:in `call'
activesupport (5.2.4.2) lib/active_support/cache/strategy/local_cache_middleware.rb:29:in `call'
actionpack (5.2.4.2) lib/action_dispatch/middleware/executor.rb:14:in `call'
actionpack (5.2.4.2) lib/action_dispatch/middleware/static.rb:127:in `call'
rack (2.2.2) lib/rack/sendfile.rb:110:in `call'
railties (5.2.4.2) lib/rails/engine.rb:524:in `call'
puma (3.12.4) lib/puma/configuration.rb:227:in `call'
puma (3.12.4) lib/puma/server.rb:675:in `handle_request'
puma (3.12.4) lib/puma/server.rb:476:in `process_client'
puma (3.12.4) lib/puma/server.rb:334:in `block in run'
puma (3.12.4) lib/puma/thread_pool.rb:135:in `block in spawn_thread'
Started GET "/cats/1/edit" for ::1 at 2020-05-15 16:53:54 -0700
Processing by CatsController#edit as HTML
  Parameters: {"id"=>"1"}
  [1m[36mCat Load (1.9ms)[0m  [1m[34mSELECT  "cats".* FROM "cats" WHERE "cats"."id" = $1 LIMIT $2[0m  [["id", 1], ["LIMIT", 1]]
  ↳ app/controllers/cats_controller.rb:18
  Rendering cats/edit.html.erb within layouts/application
  Rendered cats/edit.html.erb within layouts/application (3.8ms)
Completed 200 OK in 67ms (Views: 62.9ms | ActiveRecord: 1.9ms)


Started PATCH "/cats/1" for ::1 at 2020-05-15 16:53:58 -0700
Processing by CatsController#update as HTML
  Parameters: {"cat"=>{"name"=>"Kitty", "sex"=>"F", "color"=>"white", "birth_date"=>"2015-01-01", "description"=>"I am a cute kitty."}, "id"=>"1"}
  [1m[36mCat Load (6.2ms)[0m  [1m[34mSELECT  "cats".* FROM "cats" WHERE "cats"."id" = $1 LIMIT $2[0m  [["id", 1], ["LIMIT", 1]]
  ↳ app/controllers/cats_controller.rb:32
  [1m[35m (2.0ms)[0m  [1m[35mBEGIN[0m
  ↳ app/controllers/cats_controller.rb:34
  [1m[36mCat Update (7.0ms)[0m  [1m[33mUPDATE "cats" SET "color" = $1, "updated_at" = $2 WHERE "cats"."id" = $3[0m  [["color", "white"], ["updated_at", "2020-05-15 23:53:59.012500"], ["id", 1]]
  ↳ app/controllers/cats_controller.rb:34
  [1m[35m (6.1ms)[0m  [1m[35mCOMMIT[0m
  ↳ app/controllers/cats_controller.rb:34
Redirected to http://localhost:3000/cats/1
Completed 302 Found in 37ms (ActiveRecord: 21.3ms)


Started GET "/cats/1" for ::1 at 2020-05-15 16:53:59 -0700
Processing by CatsController#show as HTML
  Parameters: {"id"=>"1"}
  [1m[36mCat Load (2.3ms)[0m  [1m[34mSELECT  "cats".* FROM "cats" WHERE "cats"."id" = $1 LIMIT $2[0m  [["id", 1], ["LIMIT", 1]]
  ↳ app/controllers/cats_controller.rb:9
  Rendering cats/show.html.erb within layouts/application
  Rendered cats/show.html.erb within layouts/application (4.5ms)
Completed 200 OK in 101ms (Views: 96.5ms | ActiveRecord: 2.3ms)


Started GET "/cats/1" for ::1 at 2020-05-15 16:58:54 -0700
Processing by CatsController#show as HTML
  Parameters: {"id"=>"1"}
  [1m[36mCat Load (11.1ms)[0m  [1m[34mSELECT  "cats".* FROM "cats" WHERE "cats"."id" = $1 LIMIT $2[0m  [["id", 1], ["LIMIT", 1]]
  ↳ app/controllers/cats_controller.rb:9
  Rendering cats/show.html.erb within layouts/application
  Rendered cats/show.html.erb within layouts/application (6.8ms)
Completed 200 OK in 73ms (Views: 59.5ms | ActiveRecord: 11.1ms)


Started GET "/cats/1/edit" for ::1 at 2020-05-15 16:58:57 -0700
Processing by CatsController#edit as HTML
  Parameters: {"id"=>"1"}
  [1m[36mCat Load (1.6ms)[0m  [1m[34mSELECT  "cats".* FROM "cats" WHERE "cats"."id" = $1 LIMIT $2[0m  [["id", 1], ["LIMIT", 1]]
  ↳ app/controllers/cats_controller.rb:18
  Rendering cats/edit.html.erb within layouts/application
  Rendered cats/_form.html.erb (1.9ms)
  Rendered cats/edit.html.erb within layouts/application (13.2ms)
Completed 200 OK in 110ms (Views: 106.4ms | ActiveRecord: 1.6ms)


Started PATCH "/cats/1" for ::1 at 2020-05-15 16:59:03 -0700
Processing by CatsController#update as HTML
  Parameters: {"cat"=>{"name"=>"Kitty", "sex"=>"F", "color"=>"brown", "birth_date"=>"2015-01-01", "description"=>"I am a cute kitty."}, "id"=>"1"}
  [1m[36mCat Load (6.4ms)[0m  [1m[34mSELECT  "cats".* FROM "cats" WHERE "cats"."id" = $1 LIMIT $2[0m  [["id", 1], ["LIMIT", 1]]
  ↳ app/controllers/cats_controller.rb:32
  [1m[35m (8.0ms)[0m  [1m[35mBEGIN[0m
  ↳ app/controllers/cats_controller.rb:34
  [1m[36mCat Update (12.4ms)[0m  [1m[33mUPDATE "cats" SET "color" = $1, "updated_at" = $2 WHERE "cats"."id" = $3[0m  [["color", "brown"], ["updated_at", "2020-05-15 23:59:03.661880"], ["id", 1]]
  ↳ app/controllers/cats_controller.rb:34
  [1m[35m (4.2ms)[0m  [1m[35mCOMMIT[0m
  ↳ app/controllers/cats_controller.rb:34
Redirected to http://localhost:3000/cats/1
Completed 302 Found in 43ms (ActiveRecord: 31.1ms)


Started GET "/cats/1" for ::1 at 2020-05-15 16:59:03 -0700
Processing by CatsController#show as HTML
  Parameters: {"id"=>"1"}
  [1m[36mCat Load (3.1ms)[0m  [1m[34mSELECT  "cats".* FROM "cats" WHERE "cats"."id" = $1 LIMIT $2[0m  [["id", 1], ["LIMIT", 1]]
  ↳ app/controllers/cats_controller.rb:9
  Rendering cats/show.html.erb within layouts/application
  Rendered cats/show.html.erb within layouts/application (3.0ms)
Completed 200 OK in 62ms (Views: 52.1ms | ActiveRecord: 3.1ms)


